[debug] [2023-04-07T13:51:09.694Z] ----------------------------------------------------------------------
[debug] [2023-04-07T13:51:09.695Z] Command:       /Users/linhvtn/.nvm/versions/node/v16.15.0/bin/node /Users/linhvtn/.nvm/versions/node/v16.15.0/bin/firebase init
[debug] [2023-04-07T13:51:09.695Z] CLI Version:   11.25.3
[debug] [2023-04-07T13:51:09.695Z] Platform:      darwin
[debug] [2023-04-07T13:51:09.695Z] Node Version:  v16.15.0
[debug] [2023-04-07T13:51:09.699Z] Time:          Fri Apr 07 2023 20:51:09 GMT+0700 (Indochina Time)
[debug] [2023-04-07T13:51:09.699Z] ----------------------------------------------------------------------
[debug] 
[debug] [2023-04-07T13:51:09.702Z] > command requires scopes: ["email","openid","https://www.googleapis.com/auth/cloudplatformprojects.readonly","https://www.googleapis.com/auth/firebase","https://www.googleapis.com/auth/cloud-platform"]
[debug] [2023-04-07T13:51:09.702Z] > authorizing via signed-in user (vuongngoclinh9@gmail.com)
[info] 
     ######## #### ########  ######## ########     ###     ######  ########
     ##        ##  ##     ## ##       ##     ##  ##   ##  ##       ##
     ######    ##  ########  ######   ########  #########  ######  ######
     ##        ##  ##    ##  ##       ##     ## ##     ##       ## ##
     ##       #### ##     ## ######## ########  ##     ##  ######  ########

You're about to initialize a Firebase project in this directory:

  /Users/linhvtn/Desktop/workspace/room-management-project/easy-accomod-webapp

[info] 
=== Project Setup
[info] 
[info] First, let's associate this project directory with a Firebase project.
[info] You can create multiple project aliases by running firebase use --add, 
[info] but for now we'll just set up a default project.
[info] 
[debug] [2023-04-07T13:51:43.938Z] > refreshing access token with scopes: []
[debug] [2023-04-07T13:51:43.941Z] >>> [apiv2][query] POST https://www.googleapis.com/oauth2/v3/token [none]
[debug] [2023-04-07T13:51:43.941Z] >>> [apiv2][body] POST https://www.googleapis.com/oauth2/v3/token [omitted]
[debug] [2023-04-07T13:51:44.223Z] <<< [apiv2][status] POST https://www.googleapis.com/oauth2/v3/token 200
[debug] [2023-04-07T13:51:44.223Z] <<< [apiv2][body] POST https://www.googleapis.com/oauth2/v3/token [omitted]
[debug] [2023-04-07T13:51:44.270Z] >>> [apiv2][query] GET https://firebase.googleapis.com/v1beta1/projects pageSize=100
[debug] [2023-04-07T13:51:45.051Z] <<< [apiv2][status] GET https://firebase.googleapis.com/v1beta1/projects 200
[debug] [2023-04-07T13:51:45.051Z] <<< [apiv2][body] GET https://firebase.googleapis.com/v1beta1/projects [omitted]
[info] i  Using project room-management-837a6 (Room-management) 
[info] 
=== Database Setup
[info] i  database: ensuring required API firebasedatabase.googleapis.com is enabled... 
[debug] [2023-04-07T13:51:45.812Z] >>> [apiv2][query] GET https://serviceusage.googleapis.com/v1/projects/room-management-837a6/services/firebasedatabase.googleapis.com [none]
[debug] [2023-04-07T13:51:45.812Z] >>> [apiv2][(partial)header] GET https://serviceusage.googleapis.com/v1/projects/room-management-837a6/services/firebasedatabase.googleapis.com x-goog-quota-user=projects/room-management-837a6
[debug] [2023-04-07T13:51:47.365Z] <<< [apiv2][status] GET https://serviceusage.googleapis.com/v1/projects/room-management-837a6/services/firebasedatabase.googleapis.com 200
[debug] [2023-04-07T13:51:47.366Z] <<< [apiv2][body] GET https://serviceusage.googleapis.com/v1/projects/room-management-837a6/services/firebasedatabase.googleapis.com [omitted]
[info] ✔  database: required API firebasedatabase.googleapis.com is enabled 
[info] 
[debug] [2023-04-07T13:51:47.367Z] >>> [apiv2][query] GET https://firebasedatabase.googleapis.com/v1beta/projects/room-management-837a6/locations/-/instances/room-management-837a6-default-rtdb [none]
[debug] [2023-04-07T13:51:47.811Z] <<< [apiv2][status] GET https://firebasedatabase.googleapis.com/v1beta/projects/room-management-837a6/locations/-/instances/room-management-837a6-default-rtdb 200
[debug] [2023-04-07T13:51:47.812Z] <<< [apiv2][body] GET https://firebasedatabase.googleapis.com/v1beta/projects/room-management-837a6/locations/-/instances/room-management-837a6-default-rtdb {"name":"projects/437715164716/locations/asia-southeast1/instances/room-management-837a6-default-rtdb","project":"projects/437715164716","databaseUrl":"https://room-management-837a6-default-rtdb.asia-southeast1.firebasedatabase.app","type":"DEFAULT_DATABASE","state":"ACTIVE"}
[info] 
[info] Firebase Realtime Database Security Rules allow you to define how your data should be
[info] structured and when your data can be read from and written to.
[info] 
[debug] [2023-04-07T13:54:19.811Z] >>> [apiv2][query] GET https://room-management-837a6-default-rtdb.asia-southeast1.firebasedatabase.app/.settings/rules.json [none]
[debug] [2023-04-07T13:54:20.083Z] <<< [apiv2][status] GET https://room-management-837a6-default-rtdb.asia-southeast1.firebasedatabase.app/.settings/rules.json 200
[debug] [2023-04-07T13:54:20.083Z] <<< [apiv2][body] GET https://room-management-837a6-default-rtdb.asia-southeast1.firebasedatabase.app/.settings/rules.json [stream]
[info] ✔  Database Rules for room-management-837a6-default-rtdb have been written to database.rules.json. 
[info] Future modifications to database.rules.json will update Realtime Database Security Rules when you run
[info] firebase deploy.
[info] 
=== Firestore Setup
[debug] [2023-04-07T13:54:20.090Z] >>> [apiv2][query] GET https://serviceusage.googleapis.com/v1/projects/room-management-837a6/services/firestore.googleapis.com [none]
[debug] [2023-04-07T13:54:20.090Z] >>> [apiv2][(partial)header] GET https://serviceusage.googleapis.com/v1/projects/room-management-837a6/services/firestore.googleapis.com x-goog-quota-user=projects/room-management-837a6
[debug] [2023-04-07T13:54:21.523Z] <<< [apiv2][status] GET https://serviceusage.googleapis.com/v1/projects/room-management-837a6/services/firestore.googleapis.com 200
[debug] [2023-04-07T13:54:21.524Z] <<< [apiv2][body] GET https://serviceusage.googleapis.com/v1/projects/room-management-837a6/services/firestore.googleapis.com [omitted]
[debug] [2023-04-07T13:54:21.525Z] >>> [apiv2][query] GET https://firestore.googleapis.com/v1/projects/room-management-837a6/databases/(default) [none]
[debug] [2023-04-07T13:54:22.853Z] <<< [apiv2][status] GET https://firestore.googleapis.com/v1/projects/room-management-837a6/databases/(default) 200
[debug] [2023-04-07T13:54:22.854Z] <<< [apiv2][body] GET https://firestore.googleapis.com/v1/projects/room-management-837a6/databases/(default) {"name":"projects/room-management-837a6/databases/(default)","uid":"e0684b6e-9269-496a-8f51-0211eab661c3","createTime":"2023-04-07T13:48:47.505684Z","updateTime":"2023-04-07T13:48:47.505684Z","locationId":"nam5","type":"FIRESTORE_NATIVE","concurrencyMode":"PESSIMISTIC","appEngineIntegrationMode":"DISABLED","keyPrefix":"s","deleteProtectionState":"DELETE_PROTECTION_DISABLED","etag":"IKHzr+b1l/4CMMiJiOL0l/4C"}
[debug] [2023-04-07T13:54:22.854Z] database_type: FIRESTORE_NATIVE
[debug] [2023-04-07T13:54:22.855Z] > command requires scopes: ["email","openid","https://www.googleapis.com/auth/cloudplatformprojects.readonly","https://www.googleapis.com/auth/firebase","https://www.googleapis.com/auth/cloud-platform"]
[debug] [2023-04-07T13:54:22.855Z] > authorizing via signed-in user (vuongngoclinh9@gmail.com)
[debug] [2023-04-07T13:54:22.855Z] [iam] checking project room-management-837a6 for permissions ["firebase.projects.get"]
[debug] [2023-04-07T13:54:22.856Z] >>> [apiv2][query] POST https://cloudresourcemanager.googleapis.com/v1/projects/room-management-837a6:testIamPermissions [none]
[debug] [2023-04-07T13:54:22.856Z] >>> [apiv2][(partial)header] POST https://cloudresourcemanager.googleapis.com/v1/projects/room-management-837a6:testIamPermissions x-goog-quota-user=projects/room-management-837a6
[debug] [2023-04-07T13:54:22.856Z] >>> [apiv2][body] POST https://cloudresourcemanager.googleapis.com/v1/projects/room-management-837a6:testIamPermissions {"permissions":["firebase.projects.get"]}
[debug] [2023-04-07T13:54:23.885Z] <<< [apiv2][status] POST https://cloudresourcemanager.googleapis.com/v1/projects/room-management-837a6:testIamPermissions 200
[debug] [2023-04-07T13:54:23.885Z] <<< [apiv2][body] POST https://cloudresourcemanager.googleapis.com/v1/projects/room-management-837a6:testIamPermissions {"permissions":["firebase.projects.get"]}
[info] 
[info] Firestore Security Rules allow you to define how and when to allow
[info] requests. You can keep these rules in your project directory
[info] and publish them with firebase deploy.
[info] 
[debug] [2023-04-07T13:54:43.821Z] >>> [apiv2][query] GET https://firebaserules.googleapis.com/v1/projects/room-management-837a6/releases pageSize=10&pageToken=
[debug] [2023-04-07T13:54:45.039Z] <<< [apiv2][status] GET https://firebaserules.googleapis.com/v1/projects/room-management-837a6/releases 200
[debug] [2023-04-07T13:54:45.040Z] <<< [apiv2][body] GET https://firebaserules.googleapis.com/v1/projects/room-management-837a6/releases {"releases":[{"name":"projects/room-management-837a6/releases/cloud.firestore","rulesetName":"projects/room-management-837a6/rulesets/8124cdcb-4d5c-4128-a035-4a419b31b96c","createTime":"2023-04-07T13:48:54.038795Z","updateTime":"2023-04-07T13:48:54.038795Z"}]}
[debug] [2023-04-07T13:54:45.040Z] Found ruleset: projects/room-management-837a6/rulesets/8124cdcb-4d5c-4128-a035-4a419b31b96c
[debug] [2023-04-07T13:54:45.041Z] >>> [apiv2][query] GET https://firebaserules.googleapis.com/v1/projects/room-management-837a6/rulesets/8124cdcb-4d5c-4128-a035-4a419b31b96c [none]
[debug] [2023-04-07T13:54:46.175Z] <<< [apiv2][status] GET https://firebaserules.googleapis.com/v1/projects/room-management-837a6/rulesets/8124cdcb-4d5c-4128-a035-4a419b31b96c 200
[debug] [2023-04-07T13:54:46.176Z] <<< [apiv2][body] GET https://firebaserules.googleapis.com/v1/projects/room-management-837a6/rulesets/8124cdcb-4d5c-4128-a035-4a419b31b96c [omitted]
[info] 
[info] Firestore indexes allow you to perform complex queries while
[info] maintaining performance that scales with the size of the result
[info] set. You can keep index definitions in your project directory
[info] and publish them with firebase deploy.
[info] 
[debug] [2023-04-07T13:54:53.615Z] >>> [apiv2][query] GET https://firestore.googleapis.com/v1/projects/room-management-837a6/databases/(default)/collectionGroups/-/indexes [none]
[debug] [2023-04-07T13:54:53.618Z] >>> [apiv2][query] GET https://firestore.googleapis.com/v1/projects/room-management-837a6/databases/(default)/collectionGroups/-/fields?filter=indexConfig.usesAncestorConfig=false OR ttlConfig:* [none]
[debug] [2023-04-07T13:54:54.932Z] <<< [apiv2][status] GET https://firestore.googleapis.com/v1/projects/room-management-837a6/databases/(default)/collectionGroups/-/indexes 200
[debug] [2023-04-07T13:54:54.932Z] <<< [apiv2][body] GET https://firestore.googleapis.com/v1/projects/room-management-837a6/databases/(default)/collectionGroups/-/indexes {}
[debug] [2023-04-07T13:54:54.951Z] <<< [apiv2][status] GET https://firestore.googleapis.com/v1/projects/room-management-837a6/databases/(default)/collectionGroups/-/fields?filter=indexConfig.usesAncestorConfig=false OR ttlConfig:* 200
[debug] [2023-04-07T13:54:54.952Z] <<< [apiv2][body] GET https://firestore.googleapis.com/v1/projects/room-management-837a6/databases/(default)/collectionGroups/-/fields?filter=indexConfig.usesAncestorConfig=false OR ttlConfig:* {"fields":[{"name":"projects/room-management-837a6/databases/(default)/collectionGroups/__default__/fields/*","indexConfig":{"indexes":[{"queryScope":"COLLECTION","fields":[{"fieldPath":"*","order":"ASCENDING"}],"state":"READY"},{"queryScope":"COLLECTION","fields":[{"fieldPath":"*","order":"DESCENDING"}],"state":"READY"},{"queryScope":"COLLECTION","fields":[{"fieldPath":"*","arrayConfig":"CONTAINS"}],"state":"READY"}]}}]}
[info] 
=== Functions Setup
[debug] [2023-04-07T13:54:54.953Z] > command requires scopes: ["email","openid","https://www.googleapis.com/auth/cloudplatformprojects.readonly","https://www.googleapis.com/auth/firebase","https://www.googleapis.com/auth/cloud-platform"]
[debug] [2023-04-07T13:54:54.953Z] > authorizing via signed-in user (vuongngoclinh9@gmail.com)
[debug] [2023-04-07T13:54:54.953Z] [iam] checking project room-management-837a6 for permissions ["firebase.projects.get"]
[debug] [2023-04-07T13:54:54.954Z] >>> [apiv2][query] POST https://cloudresourcemanager.googleapis.com/v1/projects/room-management-837a6:testIamPermissions [none]
[debug] [2023-04-07T13:54:54.954Z] >>> [apiv2][(partial)header] POST https://cloudresourcemanager.googleapis.com/v1/projects/room-management-837a6:testIamPermissions x-goog-quota-user=projects/room-management-837a6
[debug] [2023-04-07T13:54:54.954Z] >>> [apiv2][body] POST https://cloudresourcemanager.googleapis.com/v1/projects/room-management-837a6:testIamPermissions {"permissions":["firebase.projects.get"]}
[debug] [2023-04-07T13:54:56.027Z] <<< [apiv2][status] POST https://cloudresourcemanager.googleapis.com/v1/projects/room-management-837a6:testIamPermissions 200
[debug] [2023-04-07T13:54:56.028Z] <<< [apiv2][body] POST https://cloudresourcemanager.googleapis.com/v1/projects/room-management-837a6:testIamPermissions {"permissions":["firebase.projects.get"]}
[debug] [2023-04-07T13:54:56.028Z] >>> [apiv2][query] GET https://serviceusage.googleapis.com/v1/projects/room-management-837a6/services/cloudfunctions.googleapis.com [none]
[debug] [2023-04-07T13:54:56.029Z] >>> [apiv2][(partial)header] GET https://serviceusage.googleapis.com/v1/projects/room-management-837a6/services/cloudfunctions.googleapis.com x-goog-quota-user=projects/room-management-837a6
[debug] [2023-04-07T13:54:56.031Z] >>> [apiv2][query] GET https://serviceusage.googleapis.com/v1/projects/room-management-837a6/services/runtimeconfig.googleapis.com [none]
[debug] [2023-04-07T13:54:56.031Z] >>> [apiv2][(partial)header] GET https://serviceusage.googleapis.com/v1/projects/room-management-837a6/services/runtimeconfig.googleapis.com x-goog-quota-user=projects/room-management-837a6
[debug] [2023-04-07T13:54:57.574Z] <<< [apiv2][status] GET https://serviceusage.googleapis.com/v1/projects/room-management-837a6/services/runtimeconfig.googleapis.com 200
[debug] [2023-04-07T13:54:57.574Z] <<< [apiv2][body] GET https://serviceusage.googleapis.com/v1/projects/room-management-837a6/services/runtimeconfig.googleapis.com [omitted]
[debug] [2023-04-07T13:54:57.575Z] <<< [apiv2][status] GET https://serviceusage.googleapis.com/v1/projects/room-management-837a6/services/cloudfunctions.googleapis.com 200
[debug] [2023-04-07T13:54:57.576Z] <<< [apiv2][body] GET https://serviceusage.googleapis.com/v1/projects/room-management-837a6/services/cloudfunctions.googleapis.com [omitted]
[debug] [2023-04-07T13:54:57.576Z] >>> [apiv2][query] POST https://serviceusage.googleapis.com/v1/projects/room-management-837a6/services/cloudfunctions.googleapis.com:enable [none]
[debug] [2023-04-07T13:54:57.577Z] >>> [apiv2][(partial)header] POST https://serviceusage.googleapis.com/v1/projects/room-management-837a6/services/cloudfunctions.googleapis.com:enable x-goog-quota-user=projects/room-management-837a6
[debug] [2023-04-07T13:54:59.308Z] <<< [apiv2][status] POST https://serviceusage.googleapis.com/v1/projects/room-management-837a6/services/cloudfunctions.googleapis.com:enable 200
[debug] [2023-04-07T13:54:59.309Z] <<< [apiv2][body] POST https://serviceusage.googleapis.com/v1/projects/room-management-837a6/services/cloudfunctions.googleapis.com:enable [omitted]
[debug] [2023-04-07T13:55:09.312Z] >>> [apiv2][query] GET https://serviceusage.googleapis.com/v1/projects/room-management-837a6/services/cloudfunctions.googleapis.com [none]
[debug] [2023-04-07T13:55:09.312Z] >>> [apiv2][(partial)header] GET https://serviceusage.googleapis.com/v1/projects/room-management-837a6/services/cloudfunctions.googleapis.com x-goog-quota-user=projects/room-management-837a6
[debug] [2023-04-07T13:55:10.733Z] <<< [apiv2][status] GET https://serviceusage.googleapis.com/v1/projects/room-management-837a6/services/cloudfunctions.googleapis.com 200
[debug] [2023-04-07T13:55:10.733Z] <<< [apiv2][body] GET https://serviceusage.googleapis.com/v1/projects/room-management-837a6/services/cloudfunctions.googleapis.com [omitted]
[info] Let's create a new codebase for your functions.
[info] A directory corresponding to the codebase will be created in your project
[info] with sample code pre-configured.

[info] See https://firebase.google.com/docs/functions/organize-functions for
[info] more information on organizing your functions using codebases.

[info] Functions can be deployed with firebase deploy.

[info] ✔  Wrote functions/package.json 
[info] ✔  Wrote functions/tsconfig.json 
[info] ✔  Wrote functions/src/index.ts 
[info] ✔  Wrote functions/.gitignore 
[info] 
=== Hosting Setup
[info] 
[info] Your public directory is the folder (relative to your project directory) that
[info] will contain Hosting assets to be uploaded with firebase deploy. If you
[info] have a build process for your assets, use your build's output directory.
[info] 
[debug] [2023-04-07T13:58:40.305Z] >>> [apiv2][query] GET https://www.gstatic.com/firebasejs/releases.json [none]
[debug] [2023-04-07T13:58:40.442Z] <<< [apiv2][status] GET https://www.gstatic.com/firebasejs/releases.json 200
[debug] [2023-04-07T13:58:40.444Z] <<< [apiv2][body] GET https://www.gstatic.com/firebasejs/releases.json {"current":{"version":"9.19.1","browserURL":"https://www.gstatic.com/firebasejs/9.19.1/firebase.js","packageURL":"https://www.gstatic.com/firebasejs/9.19.1/firebase.tgz"},"live":{"version":"9.19","browserURL":"https://www.gstatic.com/firebasejs/live/9.19/firebase.js","packageURL":"https://www.gstatic.com/firebasejs/live/9.19/firebase.tgz"},"components":{"analytics":"https://www.gstatic.com/firebasejs/9.19.1/firebase-analytics.js","app":"https://www.gstatic.com/firebasejs/9.19.1/firebase-app.js","app-check":"https://www.gstatic.com/firebasejs/9.19.1/firebase-app-check.js","auth":"https://www.gstatic.com/firebasejs/9.19.1/firebase-auth.js","auth/cordova":"https://www.gstatic.com/firebasejs/9.19.1/firebase-auth/cordova.js","auth/react-native":"https://www.gstatic.com/firebasejs/9.19.1/firebase-auth/react-native.js","functions":"https://www.gstatic.com/firebasejs/9.19.1/firebase-functions.js","firestore":"https://www.gstatic.com/firebasejs/9.19.1/firebase-firestore.js","firestore/lite":"https://www.gstatic.com/firebasejs/9.19.1/firebase-firestore/lite.js","installations":"https://www.gstatic.com/firebasejs/9.19.1/firebase-installations.js","storage":"https://www.gstatic.com/firebasejs/9.19.1/firebase-storage.js","performance":"https://www.gstatic.com/firebasejs/9.19.1/firebase-performance.js","remote-config":"https://www.gstatic.com/firebasejs/9.19.1/firebase-remote-config.js","messaging":"https://www.gstatic.com/firebasejs/9.19.1/firebase-messaging.js","messaging/sw":"https://www.gstatic.com/firebasejs/9.19.1/firebase-messaging/sw.js","database":"https://www.gstatic.com/firebasejs/9.19.1/firebase-database.js","firestore.memory":"https://www.gstatic.com/firebasejs/9.19.1/firebase-firestore.memory.js"}}
[info] ✔  Wrote public/index.html 
[info] 
[info] i  Detected a .git folder at /Users/linhvtn/Desktop/workspace/room-management-project/easy-accomod-webapp 
[info] i  Authorizing with GitHub to upload your service account to a GitHub repository's secrets store. 
[info] 
[info] Visit this URL on this device to log in:
[info] https://github.com/login/oauth/authorize?client_id=89cf50f02ac6aaed3484&state=1035576134&redirect_uri=http%3A%2F%2Flocalhost%3A9005&scope=read%3Auser%20repo%20public_repo
[info] 
[info] Waiting for authentication...
[debug] [2023-04-07T13:58:57.649Z] >>> [apiv2][query] POST https://github.com/login/oauth/access_token [none]
[debug] [2023-04-07T13:58:57.650Z] >>> [apiv2][body] POST https://github.com/login/oauth/access_token [stream]
[debug] [2023-04-07T13:58:58.228Z] <<< [apiv2][status] POST https://github.com/login/oauth/access_token 200
[debug] [2023-04-07T13:58:58.228Z] <<< [apiv2][body] POST https://github.com/login/oauth/access_token {"access_token":"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","token_type":"bearer","scope":"read:user,repo"}
[debug] [2023-04-07T13:58:58.237Z] >>> [apiv2][query] GET https://api.github.com/user [none]
[debug] [2023-04-07T13:58:58.795Z] <<< [apiv2][status] GET https://api.github.com/user 200
[debug] [2023-04-07T13:58:58.795Z] <<< [apiv2][body] GET https://api.github.com/user {"login":"ngoclinhuet9","id":43052761,"node_id":"MDQ6VXNlcjQzMDUyNzYx","avatar_url":"https://avatars.githubusercontent.com/u/43052761?v=4","gravatar_id":"","url":"https://api.github.com/users/ngoclinhuet9","html_url":"https://github.com/ngoclinhuet9","followers_url":"https://api.github.com/users/ngoclinhuet9/followers","following_url":"https://api.github.com/users/ngoclinhuet9/following{/other_user}","gists_url":"https://api.github.com/users/ngoclinhuet9/gists{/gist_id}","starred_url":"https://api.github.com/users/ngoclinhuet9/starred{/owner}{/repo}","subscriptions_url":"https://api.github.com/users/ngoclinhuet9/subscriptions","organizations_url":"https://api.github.com/users/ngoclinhuet9/orgs","repos_url":"https://api.github.com/users/ngoclinhuet9/repos","events_url":"https://api.github.com/users/ngoclinhuet9/events{/privacy}","received_events_url":"https://api.github.com/users/ngoclinhuet9/received_events","type":"User","site_admin":false,"name":"Ngọc linh","company":null,"blog":"","location":"Hà Nội","email":null,"hireable":null,"bio":null,"twitter_username":null,"public_repos":5,"public_gists":0,"followers":0,"following":0,"created_at":"2018-09-07T00:43:53Z","updated_at":"2023-04-07T06:35:56Z","private_gists":0,"total_private_repos":4,"owned_private_repos":4,"disk_usage":152769,"collaborators":1,"two_factor_authentication":false,"plan":{"name":"free","space":976562499,"collaborators":0,"private_repos":10000}}
[info] 
[info] ✔  Success! Logged into GitHub as ngoclinhuet9 
[info] 
